Using pre-set license
Built from '2022.3/staging' branch; Version is '2022.3.3f1 (7cdc2969a641) revision 8182825'; Using compiler version '192829333'; Build Type 'Release'
OS: 'Windows 10  (10.0.19045) 64bit Professional' Language: 'es' Physical Memory: 16309 MB
BatchMode: 1, IsHumanControllingUs: 0, StartBugReporterOnCrash: 0, Is64bit: 1, IsPro: 1

COMMAND LINE ARGUMENTS:
E:\Unity\2022.3.3f1\Editor\Unity.exe
-adb2
-batchMode
-noUpm
-name
AssetImportWorker0
-projectPath
C:/Users/jimen/OneDrive/Documentos/GitHub/Strike_Masters/Strike_Masters
-logFile
Logs/AssetImportWorker0.log
-srvPort
55736
Successfully changed project path to: C:/Users/jimen/OneDrive/Documentos/GitHub/Strike_Masters/Strike_Masters
C:/Users/jimen/OneDrive/Documentos/GitHub/Strike_Masters/Strike_Masters
[UnityMemory] Configuration Parameters - Can be set up in boot.config
    "memorysetup-bucket-allocator-granularity=16"
    "memorysetup-bucket-allocator-bucket-count=8"
    "memorysetup-bucket-allocator-block-size=33554432"
    "memorysetup-bucket-allocator-block-count=8"
    "memorysetup-main-allocator-block-size=16777216"
    "memorysetup-thread-allocator-block-size=16777216"
    "memorysetup-gfx-main-allocator-block-size=16777216"
    "memorysetup-gfx-thread-allocator-block-size=16777216"
    "memorysetup-cache-allocator-block-size=4194304"
    "memorysetup-typetree-allocator-block-size=2097152"
    "memorysetup-profiler-bucket-allocator-granularity=16"
    "memorysetup-profiler-bucket-allocator-bucket-count=8"
    "memorysetup-profiler-bucket-allocator-block-size=33554432"
    "memorysetup-profiler-bucket-allocator-block-count=8"
    "memorysetup-profiler-allocator-block-size=16777216"
    "memorysetup-profiler-editor-allocator-block-size=1048576"
    "memorysetup-temp-allocator-size-main=16777216"
    "memorysetup-job-temp-allocator-block-size=2097152"
    "memorysetup-job-temp-allocator-block-size-background=1048576"
    "memorysetup-job-temp-allocator-reduction-small-platforms=262144"
    "memorysetup-allocator-temp-initial-block-size-main=262144"
    "memorysetup-allocator-temp-initial-block-size-worker=262144"
    "memorysetup-temp-allocator-size-background-worker=32768"
    "memorysetup-temp-allocator-size-job-worker=262144"
    "memorysetup-temp-allocator-size-preload-manager=33554432"
    "memorysetup-temp-allocator-size-nav-mesh-worker=65536"
    "memorysetup-temp-allocator-size-audio-worker=65536"
    "memorysetup-temp-allocator-size-cloud-worker=32768"
    "memorysetup-temp-allocator-size-gi-baking-worker=262144"
    "memorysetup-temp-allocator-size-gfx=262144"
Player connection [4256] Host "[IP] 192.168.56.1 [Port] 0 [Flags] 2 [Guid] 2344672307 [EditorId] 2344672307 [Version] 1048832 [Id] WindowsEditor(7,DESKTOP-NDJ4358) [Debug] 1 [PackageName] WindowsEditor [ProjectName] Editor" joined multi-casting on [225.0.0.222:54997]...

Player connection [4256] Host "[IP] 192.168.56.1 [Port] 0 [Flags] 2 [Guid] 2344672307 [EditorId] 2344672307 [Version] 1048832 [Id] WindowsEditor(7,DESKTOP-NDJ4358) [Debug] 1 [PackageName] WindowsEditor [ProjectName] Editor" joined alternative multi-casting on [225.0.0.222:34997]...

Refreshing native plugins compatible for Editor in 9.07 ms, found 3 plugins.
Preloading 0 native plugins for Editor in 0.00 ms.
Initialize engine version: 2022.3.3f1 (7cdc2969a641)
[Subsystems] Discovering subsystems at path E:/Unity/2022.3.3f1/Editor/Data/Resources/UnitySubsystems
[Subsystems] Discovering subsystems at path C:/Users/jimen/OneDrive/Documentos/GitHub/Strike_Masters/Strike_Masters/Assets
GfxDevice: creating device client; threaded=0; jobified=0
Direct3D:
    Version:  Direct3D 11.0 [level 11.1]
    Renderer: AMD Radeon RX 5700 XT (ID=0x731f)
    Vendor:   ATI
    VRAM:     8125 MB
    Driver:   32.0.12033.1030
Initialize mono
Mono path[0] = 'E:/Unity/2022.3.3f1/Editor/Data/Managed'
Mono path[1] = 'E:/Unity/2022.3.3f1/Editor/Data/MonoBleedingEdge/lib/mono/unityjit-win32'
Mono config path = 'E:/Unity/2022.3.3f1/Editor/Data/MonoBleedingEdge/etc'
Using monoOptions --debugger-agent=transport=dt_socket,embedding=1,server=y,suspend=n,address=127.0.0.1:56252
Begin MonoManager ReloadAssembly
Registering precompiled unity dll's ...
Register platform support module: E:/Unity/2022.3.3f1/Editor/Data/PlaybackEngines/WindowsStandaloneSupport/UnityEditor.WindowsStandalone.Extensions.dll
Registered in 0.005292 seconds.
- Loaded All Assemblies, in  0.313 seconds
Native extension for WindowsStandalone target not found
Mono: successfully reloaded assembly
- Finished resetting the current domain, in  0.249 seconds
Domain Reload Profiling: 562ms
	BeginReloadAssembly (94ms)
		ExecutionOrderSort (0ms)
		DisableScriptedObjects (0ms)
		BackupInstance (0ms)
		ReleaseScriptingObjects (0ms)
		CreateAndSetChildDomain (1ms)
	RebuildCommonClasses (33ms)
	RebuildNativeTypeToScriptingClass (11ms)
	initialDomainReloadingComplete (49ms)
	LoadAllAssembliesAndSetupDomain (126ms)
		LoadAssemblies (94ms)
		RebuildTransferFunctionScriptingTraits (0ms)
		AnalyzeDomain (122ms)
			TypeCache.Refresh (121ms)
				TypeCache.ScanAssembly (110ms)
			ScanForSourceGeneratedMonoScriptInfo (0ms)
			ResolveRequiredComponents (1ms)
	FinalizeReload (249ms)
		ReleaseScriptCaches (0ms)
		RebuildScriptCaches (0ms)
		SetupLoadedEditorAssemblies (191ms)
			LogAssemblyErrors (0ms)
			InitializePlatformSupportModulesInManaged (8ms)
			SetLoadedEditorAssemblies (7ms)
			RefreshPlugins (0ms)
			BeforeProcessingInitializeOnLoad (2ms)
			ProcessInitializeOnLoadAttributes (129ms)
			ProcessInitializeOnLoadMethodAttributes (43ms)
			AfterProcessingInitializeOnLoad (0ms)
			EditorAssembliesLoaded (0ms)
		ExecutionOrderSort2 (0ms)
		AwakeInstancesAfterBackupRestoration (0ms)
========================================================================
Worker process is ready to serve import requests
Begin MonoManager ReloadAssembly
Symbol file LoadedFromMemory doesn't match image C:\Users\jimen\OneDrive\Documentos\GitHub\Strike_Masters\Strike_Masters\Library\PackageCache\com.unity.visualscripting@1.8.0\Editor\VisualScripting.Core\Dependencies\YamlDotNet\Unity.VisualScripting.YamlDotNet.dll
Symbol file LoadedFromMemory doesn't match image C:\Users\jimen\OneDrive\Documentos\GitHub\Strike_Masters\Strike_Masters\Library\PackageCache\com.unity.visualscripting@1.8.0\Editor\VisualScripting.Core\Dependencies\DotNetZip\Unity.VisualScripting.IonicZip.dll
- Loaded All Assemblies, in  0.677 seconds
Refreshing native plugins compatible for Editor in 3.88 ms, found 3 plugins.
Native extension for WindowsStandalone target not found
Mono: successfully reloaded assembly
- Finished resetting the current domain, in  0.455 seconds
Domain Reload Profiling: 1129ms
	BeginReloadAssembly (132ms)
		ExecutionOrderSort (0ms)
		DisableScriptedObjects (5ms)
		BackupInstance (0ms)
		ReleaseScriptingObjects (0ms)
		CreateAndSetChildDomain (20ms)
	RebuildCommonClasses (33ms)
	RebuildNativeTypeToScriptingClass (11ms)
	initialDomainReloadingComplete (38ms)
	LoadAllAssembliesAndSetupDomain (460ms)
		LoadAssemblies (261ms)
		RebuildTransferFunctionScriptingTraits (0ms)
		AnalyzeDomain (272ms)
			TypeCache.Refresh (256ms)
				TypeCache.ScanAssembly (244ms)
			ScanForSourceGeneratedMonoScriptInfo (12ms)
			ResolveRequiredComponents (3ms)
	FinalizeReload (455ms)
		ReleaseScriptCaches (0ms)
		RebuildScriptCaches (0ms)
		SetupLoadedEditorAssemblies (323ms)
			LogAssemblyErrors (0ms)
			InitializePlatformSupportModulesInManaged (5ms)
			SetLoadedEditorAssemblies (5ms)
			RefreshPlugins (0ms)
			BeforeProcessingInitializeOnLoad (59ms)
			ProcessInitializeOnLoadAttributes (235ms)
			ProcessInitializeOnLoadMethodAttributes (17ms)
			AfterProcessingInitializeOnLoad (3ms)
			EditorAssembliesLoaded (0ms)
		ExecutionOrderSort2 (0ms)
		AwakeInstancesAfterBackupRestoration (6ms)
Launched and connected shader compiler UnityShaderCompiler.exe after 0.05 seconds
Refreshing native plugins compatible for Editor in 3.90 ms, found 3 plugins.
Preloading 0 native plugins for Editor in 0.00 ms.
Unloading 3083 Unused Serialized files (Serialized files now loaded: 0)
Unloading 31 unused Assets / (56.3 KB). Loaded Objects now: 3549.
Memory consumption went from 120.8 MB to 120.7 MB.
Total: 3.008600 ms (FindLiveObjects: 0.312100 ms CreateObjectMapping: 0.078800 ms MarkObjects: 2.482700 ms  DeleteObjects: 0.133300 ms)

AssetImportParameters requested are different than current active one (requested -> active):
  custom:container-demuxer-ogg: 62fdf1f143b41e24485cea50d1cbac27 -> 
  custom:video-decoder-ogg-theora: a1e56fd34408186e4bbccfd4996cb3dc -> 
  custom:framework-win-MediaFoundation: 216162199b28c13a410421893ffa2e32 -> 
  custom:container-demuxer-webm: 4f35f7cbe854078d1ac9338744f61a02 -> 
  custom:container-muxer-webm: aa71ff27fc2769a1b78a27578f13a17b -> 
  custom:video-decoder-webm-vp8: 9c59270c3fd7afecdb556c50c9e8de78 -> 
  custom:AudioImporter_EditorPlatform: d09bf68614088b80899f8185d706f6e7 -> 
  custom:video-encoder-webm-vp8: eb34c28f22e8b96e1ab97ce403110664 -> 
  custom:audio-decoder-ogg-vorbis: bf7c407c2cedff20999df2af8eb42d56 -> 
  custom:audio-encoder-webm-vorbis: bf7c407c2cedff20999df2af8eb42d56 -> 
========================================================================
Received Import Request.
  Time since last request: 7853.795152 seconds.
  path: Assets/Palmov Island/Low Poly Atmospheric Locations Pack/guideline.pdf
  artifactKey: Guid(ef67020f8037cc9489de2aa40731a391) Importer(815301076,1909f56bfc062723c751e8b465ee728b)
Start importing Assets/Palmov Island/Low Poly Atmospheric Locations Pack/guideline.pdf using Guid(ef67020f8037cc9489de2aa40731a391) Importer(815301076,1909f56bfc062723c751e8b465ee728b)  -> (artifact id: '1452fe33b2bd20c916a6417900ded5dc') in 0.010672 seconds
Number of updated asset objects reloaded before import = 0
Number of asset objects unloaded after import = 1
========================================================================
Received Import Request.
  Time since last request: 0.000027 seconds.
  path: Assets/Palmov Island/Low Poly Atmospheric Locations Pack
  artifactKey: Guid(adbd9161ede7e994fa384a2e70f0b844) Importer(815301076,1909f56bfc062723c751e8b465ee728b)
Start importing Assets/Palmov Island/Low Poly Atmospheric Locations Pack using Guid(adbd9161ede7e994fa384a2e70f0b844) Importer(815301076,1909f56bfc062723c751e8b465ee728b)  -> (artifact id: 'b6290c2d73450044716c851f48363ccb') in 0.000346 seconds
Number of updated asset objects reloaded before import = 0
Number of asset objects unloaded after import = 0
========================================================================
Received Import Request.
  Time since last request: 9.948898 seconds.
  path: Assets/Palmov Island/Low Poly Atmospheric Locations Pack/Models
  artifactKey: Guid(0e4b5e08176f51a4d8979f735eddbd9b) Importer(815301076,1909f56bfc062723c751e8b465ee728b)
Start importing Assets/Palmov Island/Low Poly Atmospheric Locations Pack/Models using Guid(0e4b5e08176f51a4d8979f735eddbd9b) Importer(815301076,1909f56bfc062723c751e8b465ee728b)  -> (artifact id: 'bf9eaf6ec0de17c220f3c04866e6a252') in 0.000477 seconds
Number of updated asset objects reloaded before import = 0
Number of asset objects unloaded after import = 0
========================================================================
Received Import Request.
  Time since last request: 4.140495 seconds.
  path: Assets/Palmov Island/Low Poly Atmospheric Locations Pack/Models/Islands
  artifactKey: Guid(b809c3ecc42f4e746814a6644bc6cd91) Importer(815301076,1909f56bfc062723c751e8b465ee728b)
Start importing Assets/Palmov Island/Low Poly Atmospheric Locations Pack/Models/Islands using Guid(b809c3ecc42f4e746814a6644bc6cd91) Importer(815301076,1909f56bfc062723c751e8b465ee728b)  -> (artifact id: '31f8b86a0f7f7395cac9da761fd8ba0c') in 0.000425 seconds
Number of updated asset objects reloaded before import = 0
Number of asset objects unloaded after import = 0
========================================================================
Received Import Request.
  Time since last request: 0.032269 seconds.
  path: Assets/Palmov Island/Low Poly Atmospheric Locations Pack/Models/Islands/japanes island.fbx
  artifactKey: Guid(22d3132618e921b4ebe07f59ea86326e) Importer(815301076,1909f56bfc062723c751e8b465ee728b)
Start importing Assets/Palmov Island/Low Poly Atmospheric Locations Pack/Models/Islands/japanes island.fbx using Guid(22d3132618e921b4ebe07f59ea86326e) Importer(815301076,1909f56bfc062723c751e8b465ee728b)  -> (artifact id: '3515359f779f3a0a8e4a029eccc56aa1') in 0.130711 seconds
Number of updated asset objects reloaded before import = 0
Number of asset objects unloaded after import = 9
========================================================================
Received Import Request.
  Time since last request: 3.628962 seconds.
  path: Assets/Palmov Island/Low Poly Atmospheric Locations Pack/Scenes
  artifactKey: Guid(6ea315d0fd7389c41b19996891e99ae3) Importer(815301076,1909f56bfc062723c751e8b465ee728b)
Start importing Assets/Palmov Island/Low Poly Atmospheric Locations Pack/Scenes using Guid(6ea315d0fd7389c41b19996891e99ae3) Importer(815301076,1909f56bfc062723c751e8b465ee728b)  -> (artifact id: '81c328eaa686ea6ec9a8a9505cc07a90') in 0.000466 seconds
Number of updated asset objects reloaded before import = 0
Number of asset objects unloaded after import = 0
========================================================================
Received Import Request.
  Time since last request: 155.090408 seconds.
  path: Assets/Palmov Island/Low Poly Atmospheric Locations Pack/Scenes/Location downtown.unity
  artifactKey: Guid(db5e551345871504c952b3da3d991956) Importer(815301076,1909f56bfc062723c751e8b465ee728b)
Start importing Assets/Palmov Island/Low Poly Atmospheric Locations Pack/Scenes/Location downtown.unity using Guid(db5e551345871504c952b3da3d991956) Importer(815301076,1909f56bfc062723c751e8b465ee728b)  -> (artifact id: '39a564a6cf1edd3d5b013ad0db89ee1d') in 0.000500 seconds
Number of updated asset objects reloaded before import = 0
Number of asset objects unloaded after import = 0
========================================================================
Received Import Request.
  Time since last request: 2.261663 seconds.
  path: Assets/Palmov Island/Low Poly Atmospheric Locations Pack/Scenes/Location japanes island.unity
  artifactKey: Guid(9f35e9e7ede8ee04496cb0a34a71978b) Importer(815301076,1909f56bfc062723c751e8b465ee728b)
Start importing Assets/Palmov Island/Low Poly Atmospheric Locations Pack/Scenes/Location japanes island.unity using Guid(9f35e9e7ede8ee04496cb0a34a71978b) Importer(815301076,1909f56bfc062723c751e8b465ee728b)  -> (artifact id: '73b261c568135be5372fe67752f17a83') in 0.000494 seconds
Number of updated asset objects reloaded before import = 0
Number of asset objects unloaded after import = 0
========================================================================
Received Import Request.
  Time since last request: 0.392080 seconds.
  path: Assets/Palmov Island/Low Poly Atmospheric Locations Pack/Scenes/Location soccer field.unity
  artifactKey: Guid(b02f46ebb4f474b40bc3e09f976972fb) Importer(815301076,1909f56bfc062723c751e8b465ee728b)
Start importing Assets/Palmov Island/Low Poly Atmospheric Locations Pack/Scenes/Location soccer field.unity using Guid(b02f46ebb4f474b40bc3e09f976972fb) Importer(815301076,1909f56bfc062723c751e8b465ee728b)  -> (artifact id: 'cfe0249e67c7fe4ec8f29f8fd279f0c1') in 0.000486 seconds
Number of updated asset objects reloaded before import = 0
Number of asset objects unloaded after import = 0
========================================================================
Received Import Request.
  Time since last request: 0.948810 seconds.
  path: Assets/Palmov Island/Low Poly Atmospheric Locations Pack/Scenes/Waters.unity
  artifactKey: Guid(97c02a873b84e6c48a95acc5df7260b6) Importer(815301076,1909f56bfc062723c751e8b465ee728b)
Start importing Assets/Palmov Island/Low Poly Atmospheric Locations Pack/Scenes/Waters.unity using Guid(97c02a873b84e6c48a95acc5df7260b6) Importer(815301076,1909f56bfc062723c751e8b465ee728b)  -> (artifact id: 'f5848063991d23daf0e9d16df5bda7a9') in 0.000490 seconds
Number of updated asset objects reloaded before import = 0
Number of asset objects unloaded after import = 0
========================================================================
Received Import Request.
  Time since last request: 190.752319 seconds.
  path: Assets/Palmov Island/Low Poly Atmospheric Locations Pack/Scenes/Location space shuttle launch.unity
  artifactKey: Guid(29af4f9c9a206574983966cb3b83771e) Importer(815301076,1909f56bfc062723c751e8b465ee728b)
Start importing Assets/Palmov Island/Low Poly Atmospheric Locations Pack/Scenes/Location space shuttle launch.unity using Guid(29af4f9c9a206574983966cb3b83771e) Importer(815301076,1909f56bfc062723c751e8b465ee728b)  -> (artifact id: '8ce2eb1fd71712030ddb817e3df70be1') in 0.000512 seconds
Number of updated asset objects reloaded before import = 0
Number of asset objects unloaded after import = 0
========================================================================
Received Import Request.
  Time since last request: 17.246388 seconds.
  path: Assets/Scenes/Location downtown.unity
  artifactKey: Guid(db5e551345871504c952b3da3d991956) Importer(815301076,1909f56bfc062723c751e8b465ee728b)
Start importing Assets/Scenes/Location downtown.unity using Guid(db5e551345871504c952b3da3d991956) Importer(815301076,1909f56bfc062723c751e8b465ee728b)  -> (artifact id: '61595d6609a3881b9e233099f32ba62e') in 0.000460 seconds
Number of updated asset objects reloaded before import = 0
Number of asset objects unloaded after import = 0
========================================================================
Received Import Request.
  Time since last request: 6.432110 seconds.
  path: Assets/Palmov Island/Low Poly Atmospheric Locations Pack/Scenes/Location treasure Island.unity
  artifactKey: Guid(fd9751b2ca9cd334f8260acf662acd22) Importer(815301076,1909f56bfc062723c751e8b465ee728b)
Start importing Assets/Palmov Island/Low Poly Atmospheric Locations Pack/Scenes/Location treasure Island.unity using Guid(fd9751b2ca9cd334f8260acf662acd22) Importer(815301076,1909f56bfc062723c751e8b465ee728b)  -> (artifact id: '48bc0a7bd73243e93612537f3caf7ff9') in 0.000491 seconds
Number of updated asset objects reloaded before import = 0
Number of asset objects unloaded after import = 0
========================================================================
Received Import Request.
  Time since last request: 0.713855 seconds.
  path: Assets/Palmov Island/Low Poly Atmospheric Locations Pack/Scenes/Location desert pyramids.unity
  artifactKey: Guid(0edecaf13b593624e8812d812e8bb8c8) Importer(815301076,1909f56bfc062723c751e8b465ee728b)
Start importing Assets/Palmov Island/Low Poly Atmospheric Locations Pack/Scenes/Location desert pyramids.unity using Guid(0edecaf13b593624e8812d812e8bb8c8) Importer(815301076,1909f56bfc062723c751e8b465ee728b)  -> (artifact id: 'ed7127fc09f5e1c84e56028e1769d3bb') in 0.000516 seconds
Number of updated asset objects reloaded before import = 0
Number of asset objects unloaded after import = 0
========================================================================
Received Import Request.
  Time since last request: 1.584723 seconds.
  path: Assets/Prefabs/Player.prefab
  artifactKey: Guid(99728cf3c78bc5f4b8aca6cc84fcb8bb) Importer(815301076,1909f56bfc062723c751e8b465ee728b)
Start importing Assets/Prefabs/Player.prefab using Guid(99728cf3c78bc5f4b8aca6cc84fcb8bb) Importer(815301076,1909f56bfc062723c751e8b465ee728b)  -> (artifact id: '318f6a452304c941442781d9a548006f') in 0.028692 seconds
Number of updated asset objects reloaded before import = 0
Number of asset objects unloaded after import = 18
========================================================================
Received Import Request.
  Time since last request: 24.205780 seconds.
  path: Assets/Palmov Island/Low Poly Atmospheric Locations Pack/Prefabs
  artifactKey: Guid(25f1cc6ac1bb88748aa52129ec3c07c0) Importer(815301076,1909f56bfc062723c751e8b465ee728b)
Start importing Assets/Palmov Island/Low Poly Atmospheric Locations Pack/Prefabs using Guid(25f1cc6ac1bb88748aa52129ec3c07c0) Importer(815301076,1909f56bfc062723c751e8b465ee728b)  -> (artifact id: 'c49edf9e1d0d0d534ccfd9143c76cd1c') in 0.000465 seconds
Number of updated asset objects reloaded before import = 0
Number of asset objects unloaded after import = 0
========================================================================
Received Import Request.
  Time since last request: 1.450758 seconds.
  path: Assets/Palmov Island/Low Poly Atmospheric Locations Pack/Prefabs/Animals
  artifactKey: Guid(3b61a05aa117a3540aa952dec9b2e8f8) Importer(815301076,1909f56bfc062723c751e8b465ee728b)
Start importing Assets/Palmov Island/Low Poly Atmospheric Locations Pack/Prefabs/Animals using Guid(3b61a05aa117a3540aa952dec9b2e8f8) Importer(815301076,1909f56bfc062723c751e8b465ee728b)  -> (artifact id: 'fb4f530ba79cf338f5154f63cf31b179') in 0.000460 seconds
Number of updated asset objects reloaded before import = 0
Number of asset objects unloaded after import = 0
========================================================================
Received Import Request.
  Time since last request: 0.054690 seconds.
  path: Assets/Palmov Island/Low Poly Atmospheric Locations Pack/Prefabs/Animals/horse black.prefab
  artifactKey: Guid(5e4881d3e7de9e74b868bfacc19d3386) Importer(815301076,1909f56bfc062723c751e8b465ee728b)
Start importing Assets/Palmov Island/Low Poly Atmospheric Locations Pack/Prefabs/Animals/horse black.prefab using Guid(5e4881d3e7de9e74b868bfacc19d3386) Importer(815301076,1909f56bfc062723c751e8b465ee728b)  -> (artifact id: 'f728cf9dd7c94e630e62b6b9e82bcd17') in 0.024732 seconds
Number of updated asset objects reloaded before import = 0
Number of asset objects unloaded after import = 10
========================================================================
Received Import Request.
  Time since last request: 0.000015 seconds.
  path: Assets/Palmov Island/Low Poly Atmospheric Locations Pack/Prefabs/Animals/horse white.prefab
  artifactKey: Guid(f76eb13450c120c4aa033805896af5b7) Importer(815301076,1909f56bfc062723c751e8b465ee728b)
Start importing Assets/Palmov Island/Low Poly Atmospheric Locations Pack/Prefabs/Animals/horse white.prefab using Guid(f76eb13450c120c4aa033805896af5b7) Importer(815301076,1909f56bfc062723c751e8b465ee728b)  -> (artifact id: '1945ce8cbebb98585e4b8398306b7406') in 0.014178 seconds
Number of updated asset objects reloaded before import = 0
Number of asset objects unloaded after import = 10
========================================================================
Received Import Request.
  Time since last request: 60.013488 seconds.
  path: Assets/Palmov Island/Low Poly Atmospheric Locations Pack/Prefabs/Location with environment/autumn atmosphere forest with environment.prefab
  artifactKey: Guid(fe9cb1b9b4e174249a889ab3e78e65e0) Importer(815301076,1909f56bfc062723c751e8b465ee728b)
Start importing Assets/Palmov Island/Low Poly Atmospheric Locations Pack/Prefabs/Location with environment/autumn atmosphere forest with environment.prefab using Guid(fe9cb1b9b4e174249a889ab3e78e65e0) Importer(815301076,1909f56bfc062723c751e8b465ee728b)  -> (artifact id: '3c4229496835e07d4b3a4a78b43466fa') in 0.036083 seconds
Number of updated asset objects reloaded before import = 0
Number of asset objects unloaded after import = 654
========================================================================
Received Import Request.
  Time since last request: 0.012571 seconds.
  path: Assets/Palmov Island/Low Poly Atmospheric Locations Pack/Prefabs/Environment/exhaust fan.prefab
  artifactKey: Guid(52cc29dbc88a0ca4e8753c48f4f0d4a9) Importer(815301076,1909f56bfc062723c751e8b465ee728b)
Start importing Assets/Palmov Island/Low Poly Atmospheric Locations Pack/Prefabs/Environment/exhaust fan.prefab using Guid(52cc29dbc88a0ca4e8753c48f4f0d4a9) Importer(815301076,1909f56bfc062723c751e8b465ee728b)  -> (artifact id: '2e159aeade9790feeeb91edd53a73567') in 0.015892 seconds
Number of updated asset objects reloaded before import = 0
Number of asset objects unloaded after import = 10
========================================================================
Received Import Request.
  Time since last request: 0.029712 seconds.
  path: Assets/Palmov Island/Low Poly Atmospheric Locations Pack/Prefabs/Environment/Camping environment/bonfire.prefab
  artifactKey: Guid(fd2a35f4603b5bd45b6b41ecba1f8f83) Importer(815301076,1909f56bfc062723c751e8b465ee728b)
Start importing Assets/Palmov Island/Low Poly Atmospheric Locations Pack/Prefabs/Environment/Camping environment/bonfire.prefab using Guid(fd2a35f4603b5bd45b6b41ecba1f8f83) Importer(815301076,1909f56bfc062723c751e8b465ee728b)  -> (artifact id: '4057436e0ff070224ae0940ff149d3aa') in 0.017160 seconds
Number of updated asset objects reloaded before import = 0
Number of asset objects unloaded after import = 9
========================================================================
Received Import Request.
  Time since last request: 0.000019 seconds.
  path: Assets/Palmov Island/Low Poly Atmospheric Locations Pack/Prefabs/Trees/Fir trees winter/fir tree winter large.prefab
  artifactKey: Guid(455db9c7bcf874a41be6bdeb8a290459) Importer(815301076,1909f56bfc062723c751e8b465ee728b)
Start importing Assets/Palmov Island/Low Poly Atmospheric Locations Pack/Prefabs/Trees/Fir trees winter/fir tree winter large.prefab using Guid(455db9c7bcf874a41be6bdeb8a290459) Importer(815301076,1909f56bfc062723c751e8b465ee728b)  -> (artifact id: '7264aac1478271d249695e22ce8d9386') in 0.016738 seconds
Number of updated asset objects reloaded before import = 0
Number of asset objects unloaded after import = 10
========================================================================
Received Import Request.
  Time since last request: 0.000028 seconds.
  path: Assets/TextMesh Pro/Resources/Style Sheets/Default Style Sheet.asset
  artifactKey: Guid(f952c082cb03451daed3ee968ac6c63e) Importer(815301076,1909f56bfc062723c751e8b465ee728b)
Start importing Assets/TextMesh Pro/Resources/Style Sheets/Default Style Sheet.asset using Guid(f952c082cb03451daed3ee968ac6c63e) Importer(815301076,1909f56bfc062723c751e8b465ee728b)  -> (artifact id: 'fe80c178848b706fa879db830bde2b73') in 0.002579 seconds
Number of updated asset objects reloaded before import = 0
Number of asset objects unloaded after import = 1
========================================================================
Received Import Request.
  Time since last request: 0.000021 seconds.
  path: Assets/Palmov Island/Low Poly Atmospheric Locations Pack/Prefabs/Trees/Fir trees/fir tree bent.prefab
  artifactKey: Guid(c69ef20c4f71f7842a9898e95730c433) Importer(815301076,1909f56bfc062723c751e8b465ee728b)
Start importing Assets/Palmov Island/Low Poly Atmospheric Locations Pack/Prefabs/Trees/Fir trees/fir tree bent.prefab using Guid(c69ef20c4f71f7842a9898e95730c433) Importer(815301076,1909f56bfc062723c751e8b465ee728b)  -> (artifact id: '2a8aea06fd4eac235f0a15c90bde9ffa') in 0.017719 seconds
Number of updated asset objects reloaded before import = 0
Number of asset objects unloaded after import = 10
========================================================================
Received Import Request.
  Time since last request: 0.000018 seconds.
  path: Assets/Palmov Island/Low Poly Atmospheric Locations Pack/Prefabs/Location with environment/camping forest with environment.prefab
  artifactKey: Guid(49a222b06343c1b478e144dd7d8890a6) Importer(815301076,1909f56bfc062723c751e8b465ee728b)
Start importing Assets/Palmov Island/Low Poly Atmospheric Locations Pack/Prefabs/Location with environment/camping forest with environment.prefab using Guid(49a222b06343c1b478e144dd7d8890a6) Importer(815301076,1909f56bfc062723c751e8b465ee728b)  -> (artifact id: '070f9d9d3667e8697f795757cccb6ae8') in 0.036410 seconds
Number of updated asset objects reloaded before import = 0
Number of asset objects unloaded after import = 553
========================================================================
Received Import Request.
  Time since last request: 0.000020 seconds.
  path: Assets/Palmov Island/Low Poly Atmospheric Locations Pack/Models/Trees/Fir trees/fir tree medium.fbx
  artifactKey: Guid(df5de10c64b99454f9e586a887d9e9c0) Importer(815301076,1909f56bfc062723c751e8b465ee728b)
Start importing Assets/Palmov Island/Low Poly Atmospheric Locations Pack/Models/Trees/Fir trees/fir tree medium.fbx using Guid(df5de10c64b99454f9e586a887d9e9c0) Importer(815301076,1909f56bfc062723c751e8b465ee728b)  -> (artifact id: '774aaf228d6bff00517642f96be620ff') in 0.019811 seconds
Number of updated asset objects reloaded before import = 0
Number of asset objects unloaded after import = 9
========================================================================
Received Import Request.
  Time since last request: 0.000019 seconds.
  path: Assets/Palmov Island/Low Poly Atmospheric Locations Pack/Prefabs/Trees/Fir trees/fir tree large.prefab
  artifactKey: Guid(0f7c099ebf5d52642bbfe5afedb03d03) Importer(815301076,1909f56bfc062723c751e8b465ee728b)
Start importing Assets/Palmov Island/Low Poly Atmospheric Locations Pack/Prefabs/Trees/Fir trees/fir tree large.prefab using Guid(0f7c099ebf5d52642bbfe5afedb03d03) Importer(815301076,1909f56bfc062723c751e8b465ee728b)  -> (artifact id: '0fb6c642e9ad6207d8ab3a793f912eba') in 0.014767 seconds
Number of updated asset objects reloaded before import = 0
Number of asset objects unloaded after import = 10
========================================================================
Received Import Request.
  Time since last request: 0.000016 seconds.
  path: Assets/Palmov Island/Low Poly Atmospheric Locations Pack/Models/Trees/Fir trees winter/fir tree winter bent.fbx
  artifactKey: Guid(176c48202f5c6d24f9fc3b20c84b85db) Importer(815301076,1909f56bfc062723c751e8b465ee728b)
Start importing Assets/Palmov Island/Low Poly Atmospheric Locations Pack/Models/Trees/Fir trees winter/fir tree winter bent.fbx using Guid(176c48202f5c6d24f9fc3b20c84b85db) Importer(815301076,1909f56bfc062723c751e8b465ee728b)  -> (artifact id: '6b3ae5e051c6c40186fca9eeeab69e79') in 0.019652 seconds
Number of updated asset objects reloaded before import = 0
Number of asset objects unloaded after import = 9
========================================================================
Received Import Request.
  Time since last request: 0.000021 seconds.
  path: Assets/Palmov Island/Low Poly Atmospheric Locations Pack/Prefabs/Trees/Fir trees/fir tree medium.prefab
  artifactKey: Guid(53164531c5bc27d49b4169bcb1ad478b) Importer(815301076,1909f56bfc062723c751e8b465ee728b)
Start importing Assets/Palmov Island/Low Poly Atmospheric Locations Pack/Prefabs/Trees/Fir trees/fir tree medium.prefab using Guid(53164531c5bc27d49b4169bcb1ad478b) Importer(815301076,1909f56bfc062723c751e8b465ee728b)  -> (artifact id: '1215de117c48ec200209a6fb6949e477') in 0.015788 seconds
Number of updated asset objects reloaded before import = 0
Number of asset objects unloaded after import = 10
========================================================================
Received Import Request.
  Time since last request: 0.465872 seconds.
  path: Assets/Palmov Island/Low Poly Atmospheric Locations Pack/Models/Lands/land soccer field.fbx
  artifactKey: Guid(be9e8cebf36976447866a0bcbe35764d) Importer(815301076,1909f56bfc062723c751e8b465ee728b)
Start importing Assets/Palmov Island/Low Poly Atmospheric Locations Pack/Models/Lands/land soccer field.fbx using Guid(be9e8cebf36976447866a0bcbe35764d) Importer(815301076,1909f56bfc062723c751e8b465ee728b)  -> (artifact id: '8f4df39e7f873dc916e782f7a443a932') in 0.019561 seconds
Number of updated asset objects reloaded before import = 0
Number of asset objects unloaded after import = 9
========================================================================
Received Import Request.
  Time since last request: 53.828468 seconds.
  path: Assets/Palmov Island/Low Poly Atmospheric Locations Pack/Models/Lands/land christmas village.fbx
  artifactKey: Guid(edc7dcd7cf4465e438cefd564f1de44d) Importer(815301076,1909f56bfc062723c751e8b465ee728b)
Start importing Assets/Palmov Island/Low Poly Atmospheric Locations Pack/Models/Lands/land christmas village.fbx using Guid(edc7dcd7cf4465e438cefd564f1de44d) Importer(815301076,1909f56bfc062723c751e8b465ee728b)  -> (artifact id: '4551db2624820653ec12c4888a318376') in 0.021643 seconds
Number of updated asset objects reloaded before import = 0
Number of asset objects unloaded after import = 9
========================================================================
Received Import Request.
  Time since last request: 0.000020 seconds.
  path: Assets/Palmov Island/Low Poly Atmospheric Locations Pack/Models/Lands/land space shuttle launch.fbx
  artifactKey: Guid(e8793cc1f6a670a428adfce864516ff2) Importer(815301076,1909f56bfc062723c751e8b465ee728b)
Start importing Assets/Palmov Island/Low Poly Atmospheric Locations Pack/Models/Lands/land space shuttle launch.fbx using Guid(e8793cc1f6a670a428adfce864516ff2) Importer(815301076,1909f56bfc062723c751e8b465ee728b)  -> (artifact id: '6e154a13e505c8df41ee794867dce92a') in 0.020500 seconds
Number of updated asset objects reloaded before import = 0
Number of asset objects unloaded after import = 9
Editor requested this worker to shutdown with reason: Scaling down because of idle timeout
TcpMessagingSession - receive error: operation aborted. errorcode: 995, details: La operación de E/S se anuló por una salida de subproceso o por una solicitud de aplicación.
AssetImportWorker is now disconnected from the server
Process exiting
Exiting without the bug reporter. Application will terminate with return code 0